mode: atomic
go-todo/internal/middleware/error_handler.go:11.52,12.32 1 0
go-todo/internal/middleware/error_handler.go:12.32,14.3 1 0
go-todo/internal/middleware/error_handler.go:16.2,16.13 1 0
go-todo/internal/middleware/error_handler.go:17.30,20.58 3 0
go-todo/internal/middleware/error_handler.go:21.30,24.58 3 0
go-todo/internal/middleware/error_handler.go:25.10,27.41 2 0
go-todo/internal/middleware/error_handler.go:30.2,30.42 1 0
go-todo/app/main.go:18.13,34.19 12 0
go-todo/app/main.go:34.19,36.3 1 0
go-todo/app/main.go:37.2,37.29 1 0
go-todo/domain/errors.go:44.46,46.2 1 0
go-todo/domain/errors.go:48.31,50.2 1 0
go-todo/domain/errors.go:52.37,53.28 1 0
go-todo/domain/errors.go:53.28,58.3 1 0
go-todo/domain/errors.go:60.2,60.28 1 0
go-todo/domain/errors.go:60.28,65.3 1 0
go-todo/domain/errors.go:67.2,70.3 1 0
go-todo/domain/todo.go:14.55,21.2 1 0
go-todo/domain/todo.go:23.44,25.2 1 0
go-todo/domain/user.go:12.33,17.2 1 0
go-todo/domain/user.go:19.40,21.2 1 0
go-todo/domain/value/done.go:7.30,9.2 1 0
go-todo/domain/value/done.go:11.27,13.2 1 0
go-todo/domain/value/done.go:15.30,17.2 1 0
go-todo/domain/value/name.go:7.32,11.2 1 0
go-todo/domain/value/title.go:7.35,9.2 1 0
go-todo/domain/value/todo_id.go:9.25,12.2 2 0
go-todo/domain/value/todo_id.go:14.33,16.2 1 0
go-todo/domain/value/todo_id.go:18.36,20.2 1 0
go-todo/domain/value/user_id.go:9.25,12.2 2 0
go-todo/domain/value/user_id.go:14.33,16.2 1 0
go-todo/domain/value/user_id.go:18.36,20.2 1 0
go-todo/domain/value/value_obj.go:20.35,22.2 1 0
go-todo/domain/value/value_obj.go:24.41,26.2 1 0
go-todo/domain/value/value_obj.go:28.55,30.2 1 0
go-todo/internal/repository/todo.go:10.42,12.2 1 0
go-todo/internal/repository/todo.go:18.59,20.29 2 0
go-todo/internal/repository/todo.go:20.29,22.3 1 0
go-todo/internal/repository/todo.go:23.2,23.22 1 0
go-todo/internal/repository/todo.go:26.74,28.17 2 0
go-todo/internal/repository/todo.go:28.17,30.3 1 0
go-todo/internal/repository/todo.go:31.2,31.18 1 0
go-todo/internal/repository/todo.go:34.83,36.29 2 0
go-todo/internal/repository/todo.go:36.29,37.28 1 0
go-todo/internal/repository/todo.go:37.28,39.4 1 0
go-todo/internal/repository/todo.go:41.2,41.23 1 0
go-todo/internal/repository/todo.go:44.56,47.2 2 0
go-todo/internal/repository/todo.go:49.57,52.2 2 0
go-todo/internal/repository/todo.go:54.60,57.2 2 0
go-todo/internal/repository/user.go:15.42,17.2 1 0
go-todo/internal/repository/user.go:19.57,22.2 2 0
go-todo/internal/repository/user.go:24.58,27.2 2 0
go-todo/internal/repository/user.go:29.78,31.17 2 0
go-todo/internal/repository/user.go:31.17,33.3 1 0
go-todo/internal/repository/user.go:34.2,34.18 1 0
go-todo/internal/repository/user.go:37.60,39.29 2 0
go-todo/internal/repository/user.go:39.29,41.3 1 0
go-todo/internal/repository/user.go:42.2,42.22 1 0
go-todo/internal/rest/mocks/user_service.go:14.84,18.74 3 0
go-todo/internal/rest/mocks/user_service.go:18.74,20.3 1 0
go-todo/internal/rest/mocks/user_service.go:20.8,21.24 1 0
go-todo/internal/rest/mocks/user_service.go:21.24,23.4 1 0
go-todo/internal/rest/mocks/user_service.go:26.2,27.67 2 0
go-todo/internal/rest/mocks/user_service.go:27.67,29.3 1 0
go-todo/internal/rest/mocks/user_service.go:29.8,31.3 1 0
go-todo/internal/rest/mocks/user_service.go:33.2,33.15 1 0
go-todo/internal/rest/mocks/user_service.go:36.74,40.69 3 0
go-todo/internal/rest/mocks/user_service.go:40.69,42.3 1 0
go-todo/internal/rest/mocks/user_service.go:42.8,43.24 1 0
go-todo/internal/rest/mocks/user_service.go:43.24,45.4 1 0
go-todo/internal/rest/mocks/user_service.go:48.2,49.62 2 0
go-todo/internal/rest/mocks/user_service.go:49.62,51.3 1 0
go-todo/internal/rest/mocks/user_service.go:51.8,53.3 1 0
go-todo/internal/rest/mocks/user_service.go:55.2,55.15 1 0
go-todo/internal/rest/mocks/user_service.go:58.56,62.54 3 0
go-todo/internal/rest/mocks/user_service.go:62.54,64.3 1 0
go-todo/internal/rest/mocks/user_service.go:64.8,65.24 1 0
go-todo/internal/rest/mocks/user_service.go:65.24,67.4 1 0
go-todo/internal/rest/mocks/user_service.go:70.2,71.45 2 0
go-todo/internal/rest/mocks/user_service.go:71.45,73.3 1 0
go-todo/internal/rest/mocks/user_service.go:73.8,75.3 1 0
go-todo/internal/rest/mocks/user_service.go:77.2,77.15 1 0
go-todo/internal/rest/mocks/user_service.go:80.80,84.72 3 0
go-todo/internal/rest/mocks/user_service.go:84.72,86.3 1 0
go-todo/internal/rest/mocks/user_service.go:86.8,87.24 1 0
go-todo/internal/rest/mocks/user_service.go:87.24,89.4 1 0
go-todo/internal/rest/mocks/user_service.go:92.2,93.65 2 0
go-todo/internal/rest/mocks/user_service.go:93.65,95.3 1 0
go-todo/internal/rest/mocks/user_service.go:95.8,97.3 1 0
go-todo/internal/rest/mocks/user_service.go:99.2,99.15 1 0
go-todo/todo/service.go:17.12,22.2 1 0
go-todo/todo/service.go:29.68,31.16 2 0
go-todo/todo/service.go:31.16,33.3 1 0
go-todo/todo/service.go:35.2,36.48 2 0
go-todo/todo/service.go:36.48,38.3 1 0
go-todo/todo/service.go:40.2,40.18 1 0
go-todo/todo/service.go:43.76,45.16 2 0
go-todo/todo/service.go:45.16,47.3 1 0
go-todo/todo/service.go:49.2,49.19 1 0
go-todo/todo/service.go:58.78,60.16 2 0
go-todo/todo/service.go:60.16,62.3 1 0
go-todo/todo/service.go:64.2,65.49 2 0
go-todo/todo/service.go:65.49,67.3 1 0
go-todo/todo/service.go:69.2,69.18 1 0
go-todo/user/mocks/user_repository.go:14.57,18.57 3 0
go-todo/user/mocks/user_repository.go:18.57,20.3 1 0
go-todo/user/mocks/user_repository.go:20.8,22.3 1 0
go-todo/user/mocks/user_repository.go:24.2,24.11 1 0
go-todo/user/mocks/user_repository.go:27.58,31.57 3 0
go-todo/user/mocks/user_repository.go:31.57,33.3 1 0
go-todo/user/mocks/user_repository.go:33.8,35.3 1 0
go-todo/user/mocks/user_repository.go:37.2,37.11 1 0
go-todo/user/mocks/user_repository.go:40.78,44.64 3 0
go-todo/user/mocks/user_repository.go:44.64,46.3 1 0
go-todo/user/mocks/user_repository.go:46.8,47.24 1 0
go-todo/user/mocks/user_repository.go:47.24,49.4 1 0
go-todo/user/mocks/user_repository.go:52.2,53.57 2 0
go-todo/user/mocks/user_repository.go:53.57,55.3 1 0
go-todo/user/mocks/user_repository.go:55.8,57.3 1 0
go-todo/user/mocks/user_repository.go:59.2,59.15 1 0
go-todo/user/mocks/user_repository.go:62.60,66.54 3 0
go-todo/user/mocks/user_repository.go:66.54,68.3 1 0
go-todo/user/mocks/user_repository.go:68.8,69.24 1 0
go-todo/user/mocks/user_repository.go:69.24,71.4 1 0
go-todo/user/mocks/user_repository.go:74.2,75.45 2 0
go-todo/user/mocks/user_repository.go:75.45,77.3 1 0
go-todo/user/mocks/user_repository.go:77.8,79.3 1 0
go-todo/user/mocks/user_repository.go:81.2,81.15 1 0
go-todo/domain/errors.go:44.46,46.2 1 0
go-todo/domain/errors.go:48.31,50.2 1 0
go-todo/domain/errors.go:52.37,53.28 1 0
go-todo/domain/errors.go:53.28,58.3 1 0
go-todo/domain/errors.go:60.2,60.28 1 0
go-todo/domain/errors.go:60.28,65.3 1 0
go-todo/domain/errors.go:67.2,70.3 1 0
go-todo/domain/todo.go:14.55,21.2 1 0
go-todo/domain/todo.go:23.44,25.2 1 0
go-todo/domain/user.go:12.33,17.2 1 0
go-todo/domain/user.go:19.40,21.2 1 0
go-todo/domain/value/done.go:7.30,9.2 1 0
go-todo/domain/value/done.go:11.27,13.2 1 0
go-todo/domain/value/done.go:15.30,17.2 1 0
go-todo/domain/value/name.go:7.32,11.2 1 1
go-todo/domain/value/title.go:7.35,9.2 1 0
go-todo/domain/value/todo_id.go:9.25,12.2 2 0
go-todo/domain/value/todo_id.go:14.33,16.2 1 0
go-todo/domain/value/todo_id.go:18.36,20.2 1 0
go-todo/domain/value/user_id.go:9.25,12.2 2 0
go-todo/domain/value/user_id.go:14.33,16.2 1 2
go-todo/domain/value/user_id.go:18.36,20.2 1 3
go-todo/domain/value/value_obj.go:20.35,22.2 1 0
go-todo/domain/value/value_obj.go:24.41,26.2 1 0
go-todo/domain/value/value_obj.go:28.55,30.2 1 4
go-todo/internal/rest/todo.go:14.61,24.2 5 0
go-todo/internal/rest/todo.go:26.52,28.36 2 0
go-todo/internal/rest/todo.go:28.36,30.3 1 0
go-todo/internal/rest/todo.go:31.2,34.16 3 0
go-todo/internal/rest/todo.go:34.16,36.3 1 0
go-todo/internal/rest/todo.go:38.2,38.26 1 0
go-todo/internal/rest/todo.go:41.58,45.16 3 0
go-todo/internal/rest/todo.go:45.16,47.3 1 0
go-todo/internal/rest/todo.go:49.2,49.27 1 0
go-todo/internal/rest/todo.go:52.60,57.36 4 0
go-todo/internal/rest/todo.go:57.36,59.3 1 0
go-todo/internal/rest/todo.go:60.2,64.16 4 0
go-todo/internal/rest/todo.go:64.16,66.3 1 0
go-todo/internal/rest/todo.go:68.2,68.26 1 0
go-todo/internal/rest/user.go:22.60,31.2 5 0
go-todo/internal/rest/user.go:33.54,35.36 2 1
go-todo/internal/rest/user.go:35.36,37.3 1 0
go-todo/internal/rest/user.go:39.2,40.16 2 1
go-todo/internal/rest/user.go:40.16,42.3 1 0
go-todo/internal/rest/user.go:44.2,44.26 1 1
go-todo/internal/rest/user.go:47.49,53.16 4 2
go-todo/internal/rest/user.go:53.16,55.3 1 1
go-todo/internal/rest/user.go:57.2,57.26 1 1
go-todo/internal/rest/user.go:60.52,62.16 2 0
go-todo/internal/rest/user.go:62.16,64.3 1 0
go-todo/internal/rest/user.go:66.2,66.27 1 0
go-todo/internal/rest/user.go:69.52,72.36 3 0
go-todo/internal/rest/user.go:72.36,74.3 1 0
go-todo/internal/rest/user.go:75.2,78.16 3 0
go-todo/internal/rest/user.go:78.16,80.3 1 0
go-todo/internal/rest/user.go:82.2,82.26 1 0
go-todo/internal/rest/mocks/user_service.go:14.84,18.74 3 1
go-todo/internal/rest/mocks/user_service.go:18.74,20.3 1 0
go-todo/internal/rest/mocks/user_service.go:20.8,21.24 1 1
go-todo/internal/rest/mocks/user_service.go:21.24,23.4 1 1
go-todo/internal/rest/mocks/user_service.go:26.2,27.67 2 1
go-todo/internal/rest/mocks/user_service.go:27.67,29.3 1 0
go-todo/internal/rest/mocks/user_service.go:29.8,31.3 1 1
go-todo/internal/rest/mocks/user_service.go:33.2,33.15 1 1
go-todo/internal/rest/mocks/user_service.go:36.74,40.69 3 2
go-todo/internal/rest/mocks/user_service.go:40.69,42.3 1 0
go-todo/internal/rest/mocks/user_service.go:42.8,43.24 1 2
go-todo/internal/rest/mocks/user_service.go:43.24,45.4 1 1
go-todo/internal/rest/mocks/user_service.go:48.2,49.62 2 2
go-todo/internal/rest/mocks/user_service.go:49.62,51.3 1 0
go-todo/internal/rest/mocks/user_service.go:51.8,53.3 1 2
go-todo/internal/rest/mocks/user_service.go:55.2,55.15 1 2
go-todo/internal/rest/mocks/user_service.go:58.56,62.54 3 0
go-todo/internal/rest/mocks/user_service.go:62.54,64.3 1 0
go-todo/internal/rest/mocks/user_service.go:64.8,65.24 1 0
go-todo/internal/rest/mocks/user_service.go:65.24,67.4 1 0
go-todo/internal/rest/mocks/user_service.go:70.2,71.45 2 0
go-todo/internal/rest/mocks/user_service.go:71.45,73.3 1 0
go-todo/internal/rest/mocks/user_service.go:73.8,75.3 1 0
go-todo/internal/rest/mocks/user_service.go:77.2,77.15 1 0
go-todo/internal/rest/mocks/user_service.go:80.80,84.72 3 0
go-todo/internal/rest/mocks/user_service.go:84.72,86.3 1 0
go-todo/internal/rest/mocks/user_service.go:86.8,87.24 1 0
go-todo/internal/rest/mocks/user_service.go:87.24,89.4 1 0
go-todo/internal/rest/mocks/user_service.go:92.2,93.65 2 0
go-todo/internal/rest/mocks/user_service.go:93.65,95.3 1 0
go-todo/internal/rest/mocks/user_service.go:95.8,97.3 1 0
go-todo/internal/rest/mocks/user_service.go:99.2,99.15 1 0
go-todo/todo/service.go:17.12,22.2 1 0
go-todo/todo/service.go:29.68,31.16 2 0
go-todo/todo/service.go:31.16,33.3 1 0
go-todo/todo/service.go:35.2,36.48 2 0
go-todo/todo/service.go:36.48,38.3 1 0
go-todo/todo/service.go:40.2,40.18 1 0
go-todo/todo/service.go:43.76,45.16 2 0
go-todo/todo/service.go:45.16,47.3 1 0
go-todo/todo/service.go:49.2,49.19 1 0
go-todo/todo/service.go:58.78,60.16 2 0
go-todo/todo/service.go:60.16,62.3 1 0
go-todo/todo/service.go:64.2,65.49 2 0
go-todo/todo/service.go:65.49,67.3 1 0
go-todo/todo/service.go:69.2,69.18 1 0
go-todo/domain/errors.go:44.46,46.2 1 0
go-todo/domain/errors.go:48.31,50.2 1 0
go-todo/domain/errors.go:52.37,53.28 1 0
go-todo/domain/errors.go:53.28,58.3 1 0
go-todo/domain/errors.go:60.2,60.28 1 0
go-todo/domain/errors.go:60.28,65.3 1 0
go-todo/domain/errors.go:67.2,70.3 1 0
go-todo/domain/todo.go:14.55,21.2 1 0
go-todo/domain/todo.go:23.44,25.2 1 0
go-todo/domain/user.go:12.33,17.2 1 1
go-todo/domain/user.go:19.40,21.2 1 1
go-todo/domain/value/done.go:7.30,9.2 1 0
go-todo/domain/value/done.go:11.27,13.2 1 0
go-todo/domain/value/done.go:15.30,17.2 1 0
go-todo/domain/value/name.go:7.32,11.2 1 5
go-todo/domain/value/title.go:7.35,9.2 1 0
go-todo/domain/value/todo_id.go:9.25,12.2 2 0
go-todo/domain/value/todo_id.go:14.33,16.2 1 0
go-todo/domain/value/todo_id.go:18.36,20.2 1 0
go-todo/domain/value/user_id.go:9.25,12.2 2 1
go-todo/domain/value/user_id.go:14.33,16.2 1 8
go-todo/domain/value/user_id.go:18.36,20.2 1 7
go-todo/domain/value/value_obj.go:20.35,22.2 1 0
go-todo/domain/value/value_obj.go:24.41,26.2 1 2
go-todo/domain/value/value_obj.go:28.55,30.2 1 0
go-todo/user/service.go:13.62,17.2 1 4
go-todo/user/service.go:23.72,26.47 2 1
go-todo/user/service.go:26.47,28.3 1 0
go-todo/user/service.go:30.2,30.18 1 1
go-todo/user/service.go:37.62,41.16 3 2
go-todo/user/service.go:41.16,43.3 1 1
go-todo/user/service.go:45.2,45.18 1 1
go-todo/user/service.go:48.52,50.2 1 1
go-todo/user/service.go:57.68,59.16 2 2
go-todo/user/service.go:59.16,61.3 1 1
go-todo/user/service.go:63.2,64.48 2 1
go-todo/user/service.go:64.48,66.3 1 0
go-todo/user/service.go:68.2,68.18 1 1
go-todo/user/mocks/user_repository.go:14.57,18.57 3 1
go-todo/user/mocks/user_repository.go:18.57,20.3 1 0
go-todo/user/mocks/user_repository.go:20.8,22.3 1 1
go-todo/user/mocks/user_repository.go:24.2,24.11 1 1
go-todo/user/mocks/user_repository.go:27.58,31.57 3 1
go-todo/user/mocks/user_repository.go:31.57,33.3 1 0
go-todo/user/mocks/user_repository.go:33.8,35.3 1 1
go-todo/user/mocks/user_repository.go:37.2,37.11 1 1
go-todo/user/mocks/user_repository.go:40.78,44.64 3 4
go-todo/user/mocks/user_repository.go:44.64,46.3 1 0
go-todo/user/mocks/user_repository.go:46.8,47.24 1 4
go-todo/user/mocks/user_repository.go:47.24,49.4 1 2
go-todo/user/mocks/user_repository.go:52.2,53.57 2 4
go-todo/user/mocks/user_repository.go:53.57,55.3 1 0
go-todo/user/mocks/user_repository.go:55.8,57.3 1 4
go-todo/user/mocks/user_repository.go:59.2,59.15 1 4
go-todo/user/mocks/user_repository.go:62.60,66.54 3 1
go-todo/user/mocks/user_repository.go:66.54,68.3 1 0
go-todo/user/mocks/user_repository.go:68.8,69.24 1 1
go-todo/user/mocks/user_repository.go:69.24,71.4 1 1
go-todo/user/mocks/user_repository.go:74.2,75.45 2 1
go-todo/user/mocks/user_repository.go:75.45,77.3 1 0
go-todo/user/mocks/user_repository.go:77.8,79.3 1 1
go-todo/user/mocks/user_repository.go:81.2,81.15 1 1
